<?xml version="1.0" encoding="UTF-8"?>
<testng-results ignored="0" total="2" passed="2" failed="0" skipped="0">
  <reporter-output>
  </reporter-output>
  <suite started-at="2024-07-11T18:03:29 TRT" name="Default suite" finished-at="2024-07-11T18:03:31 TRT" duration-ms="1847">
    <groups>
    </groups>
    <test started-at="2024-07-11T18:03:29 TRT" name="Default test" finished-at="2024-07-11T18:03:31 TRT" duration-ms="1847">
      <class name="tests.GetAndPostExamples">
        <test-method signature="testGet()[pri:0, instance:tests.GetAndPostExamples@6069db50]" started-at="2024-07-11T18:03:29 TRT" name="testGet" finished-at="2024-07-11T18:03:30 TRT" duration-ms="1525" status="PASS">
          <reporter-output>
          </reporter-output>
        </test-method> <!-- testGet -->
        <test-method signature="testPost()[pri:0, instance:tests.GetAndPostExamples@6069db50]" started-at="2024-07-11T18:03:30 TRT" name="testPost" finished-at="2024-07-11T18:03:31 TRT" duration-ms="293" status="PASS">
          <reporter-output>
          </reporter-output>
        </test-method> <!-- testPost -->
      </class> <!-- tests.GetAndPostExamples -->
    </test> <!-- Default test -->
  </suite> <!-- Default suite -->
</testng-results>
