<?xml version="1.0" encoding="UTF-8"?>
<testng-results ignored="0" total="2" passed="2" failed="0" skipped="0">
  <reporter-output>
  </reporter-output>
  <suite started-at="2024-07-11T15:32:21 TRT" name="Default suite" finished-at="2024-07-11T15:32:23 TRT" duration-ms="1674">
    <groups>
    </groups>
    <test started-at="2024-07-11T15:32:21 TRT" name="Default test" finished-at="2024-07-11T15:32:23 TRT" duration-ms="1674">
      <class name="tests.TestExamples">
        <test-method signature="test_get()[pri:0, instance:tests.TestExamples@c8c12ac]" started-at="2024-07-11T15:32:21 TRT" name="test_get" finished-at="2024-07-11T15:32:22 TRT" duration-ms="1128" status="PASS">
          <reporter-output>
          </reporter-output>
        </test-method> <!-- test_get -->
        <test-method signature="test_get_two()[pri:0, instance:tests.TestExamples@c8c12ac]" started-at="2024-07-11T15:32:22 TRT" name="test_get_two" finished-at="2024-07-11T15:32:23 TRT" duration-ms="517" status="PASS">
          <reporter-output>
          </reporter-output>
        </test-method> <!-- test_get_two -->
      </class> <!-- tests.TestExamples -->
    </test> <!-- Default test -->
  </suite> <!-- Default suite -->
</testng-results>
